<?xml version="1.0" encoding="UTF-8"?>
<!-- Generated by org.testng.reporters.JUnitReportReporter -->
<testsuite hostname="DESKTOP-PGIA3FS" failures="0" tests="1" name="com.inetBanking.testCases.TC_CreationOfNewCustomer_003" time="36.326" errors="0" timestamp="2021-01-08T21:46:28 IST" skipped="0">
  <testcase classname="com.inetBanking.testCases.TC_CreationOfNewCustomer_003" name="creationofNewCUSTOMER" time="36.326"/>
  <system-out/>
</testsuite> <!-- com.inetBanking.testCases.TC_CreationOfNewCustomer_003 -->
