<?xml version="1.0" encoding="UTF-8"?>
<!-- Generated by org.testng.reporters.JUnitReportReporter -->
<testsuite hostname="DESKTOP-PGIA3FS" failures="0" tests="1" name="com.inetBanking.testCases.TC_CreationOfNewCustomer_003" time="37.153" errors="0" timestamp="2021-01-09T16:15:37 IST" skipped="0">
  <testcase classname="com.inetBanking.testCases.TC_CreationOfNewCustomer_003" name="creationofNewCUSTOMER" time="37.153"/>
  <system-out/>
</testsuite> <!-- com.inetBanking.testCases.TC_CreationOfNewCustomer_003 -->
